<?xml version="1.0" encoding="UTF-8"?>
<testsuite xmlns:xsi="http://www.w3.org/2001/XMLSchema-instance" xsi:noNamespaceSchemaLocation="https://maven.apache.org/surefire/maven-surefire-plugin/xsd/surefire-test-report-3.0.xsd" version="3.0" name="com.testing.bai3.RadixTest" time="0.098" tests="4" errors="0" skipped="0" failures="0">
  <properties>
[...]
</properties>
  <testcase name="testHex" classname="com.testing.bai3.RadixTest" time="0.013"/>
  <testcase name="testNegativeNumber" classname="com.testing.bai3.RadixTest" time="0.0"/>
  <testcase name="testBinary" classname="com.testing.bai3.RadixTest" time="0.0"/>
  <testcase name="testInvalidRadix" classname="com.testing.bai3.RadixTest" time="0.0"/>
</testsuite>